2019-09-23 12:55:22 DEBUG  << "Access-Control-Allow-Origin: *[\r][\n]"
2019-09-23 12:55:22 DEBUG  << "Access-Control-Expose-Headers: Content-Type, X-Requested-With, X-authentication, X-client[\r][\n]"
2019-09-23 12:55:22 DEBUG  << "Set-Cookie: PHPSESSID=e7e7f3dbea9398446b35d18fc463633b; path=/[\r][\n]"
2019-09-23 12:55:22 DEBUG  << "Upgrade: h2,h2c[\r][\n]"
2019-09-23 12:55:22 DEBUG  << "Referrer-Policy: [\r][\n]"
2019-09-23 12:55:22 DEBUG  << "Keep-Alive: timeout=5, max=75[\r][\n]"
2019-09-23 12:55:22 DEBUG  << "Content-Type: text/html; charset=UTF-8[\r][\n]"
2019-09-23 12:55:22 DEBUG  << "Accept-Ranges: none[\r][\n]"
2019-09-23 12:55:22 DEBUG  << "Content-Length: 64[\r][\n]"
2019-09-23 12:55:22 DEBUG  << "Via: HTTP/1.1 forward.http.proxy:3128[\r][\n]"
2019-09-23 12:55:22 DEBUG  << "Connection: keep-alive[\r][\n]"
2019-09-23 12:55:22 DEBUG  << "[\r][\n]"
2019-09-23 12:55:22 DEBUG Receiving response: HTTP/1.1 200 OK
2019-09-23 12:55:22 DEBUG << HTTP/1.1 200 OK
2019-09-23 12:55:22 DEBUG << Date: Mon, 23 Sep 2019 07:25:22 GMT
2019-09-23 12:55:22 DEBUG << Server: Apache
2019-09-23 12:55:22 DEBUG << Expires: Thu, 19 Nov 1981 08:52:00 GMT
2019-09-23 12:55:22 DEBUG << Cache-Control: no-store, no-cache, must-revalidate
2019-09-23 12:55:22 DEBUG << Pragma: no-cache
2019-09-23 12:55:22 DEBUG << Access-Control-Allow-Origin: *
2019-09-23 12:55:22 DEBUG << Access-Control-Expose-Headers: Content-Type, X-Requested-With, X-authentication, X-client
2019-09-23 12:55:22 DEBUG << Set-Cookie: PHPSESSID=e7e7f3dbea9398446b35d18fc463633b; path=/
2019-09-23 12:55:22 DEBUG << Upgrade: h2,h2c
2019-09-23 12:55:22 DEBUG << Referrer-Policy: 
2019-09-23 12:55:22 DEBUG << Keep-Alive: timeout=5, max=75
2019-09-23 12:55:22 DEBUG << Content-Type: text/html; charset=UTF-8
2019-09-23 12:55:22 DEBUG << Accept-Ranges: none
2019-09-23 12:55:22 DEBUG << Content-Length: 64
2019-09-23 12:55:22 DEBUG << Via: HTTP/1.1 forward.http.proxy:3128
2019-09-23 12:55:22 DEBUG << Connection: keep-alive
2019-09-23 12:55:22 DEBUG Connection can be kept alive for 5000 MILLISECONDS
2019-09-23 12:55:22 DEBUG Parsing response as: text/html; charset=UTF-8
2019-09-23 12:55:22 DEBUG Parsed data to instance of: class org.apache.http.conn.EofSensorInputStream
2019-09-23 12:55:22 DEBUG  << "{"name":"Full round3","salary":"250000","age":"25","id":"60426"}"
2019-09-23 12:55:22 DEBUG Releasing connection org.apache.http.impl.conn.ManagedClientConnectionImpl@50de186c
2019-09-23 12:55:22 DEBUG Connection can be kept alive for 5000 MILLISECONDS
2019-09-23 12:55:22 DEBUG Connection 0.0.0.0:49767<->162.241.24.128:80 closed
2019-09-23 12:55:22 DEBUG Connection 0.0.0.0:49768<->162.241.24.128:80 closed
2019-09-23 12:55:23 DEBUG Get connection for route {}->http://dummy.restapiexample.com:80
2019-09-23 12:55:23 DEBUG Connecting to dummy.restapiexample.com:80
2019-09-23 12:55:23 DEBUG CookieSpec selected: ignoreCookies
2019-09-23 12:55:23 DEBUG Auth cache not set in the context
2019-09-23 12:55:23 DEBUG Target auth state: UNCHALLENGED
2019-09-23 12:55:23 DEBUG Proxy auth state: UNCHALLENGED
2019-09-23 12:55:23 DEBUG Attempt 1 to execute request
2019-09-23 12:55:23 DEBUG Sending request: PUT /api/v1/update/60426 HTTP/1.1
2019-09-23 12:55:23 DEBUG  >> "PUT /api/v1/update/60426 HTTP/1.1[\r][\n]"
2019-09-23 12:55:23 DEBUG  >> "Accept: */*[\r][\n]"
2019-09-23 12:55:23 DEBUG  >> "Content-Type: application/json; charset=UTF-8[\r][\n]"
2019-09-23 12:55:23 DEBUG  >> "Content-Length: 51[\r][\n]"
2019-09-23 12:55:23 DEBUG  >> "Host: dummy.restapiexample.com[\r][\n]"
2019-09-23 12:55:23 DEBUG  >> "Connection: Keep-Alive[\r][\n]"
2019-09-23 12:55:23 DEBUG  >> "User-Agent: Apache-HttpClient/4.5.3 (Java/1.8.0_191)[\r][\n]"
2019-09-23 12:55:23 DEBUG  >> "Accept-Encoding: gzip,deflate[\r][\n]"
2019-09-23 12:55:23 DEBUG  >> "[\r][\n]"
2019-09-23 12:55:23 DEBUG >> PUT /api/v1/update/60426 HTTP/1.1
2019-09-23 12:55:23 DEBUG >> Accept: */*
2019-09-23 12:55:23 DEBUG >> Content-Type: application/json; charset=UTF-8
2019-09-23 12:55:23 DEBUG >> Content-Length: 51
2019-09-23 12:55:23 DEBUG >> Host: dummy.restapiexample.com
2019-09-23 12:55:23 DEBUG >> Connection: Keep-Alive
2019-09-23 12:55:23 DEBUG >> User-Agent: Apache-HttpClient/4.5.3 (Java/1.8.0_191)
2019-09-23 12:55:23 DEBUG >> Accept-Encoding: gzip,deflate
2019-09-23 12:55:23 DEBUG  >> "{"name":"Full round3","salary":"250001","age":"25"}"
2019-09-23 12:55:23 DEBUG  << "HTTP/1.1 200 OK[\r][\n]"
2019-09-23 12:55:23 DEBUG  << "Date: Mon, 23 Sep 2019 07:25:23 GMT[\r][\n]"
2019-09-23 12:55:23 DEBUG  << "Server: Apache[\r][\n]"
2019-09-23 12:55:23 DEBUG  << "Expires: Thu, 19 Nov 1981 08:52:00 GMT[\r][\n]"
2019-09-23 12:55:23 DEBUG  << "Cache-Control: no-store, no-cache, must-revalidate[\r][\n]"
2019-09-23 12:55:23 DEBUG  << "Pragma: no-cache[\r][\n]"
2019-09-23 12:55:23 DEBUG  << "Access-Control-Allow-Origin: *[\r][\n]"
2019-09-23 12:55:23 DEBUG  << "Access-Control-Expose-Headers: Content-Type, X-Requested-With, X-authentication, X-client[\r][\n]"
2019-09-23 12:55:23 DEBUG  << "Set-Cookie: PHPSESSID=6ae24d89dbb2d96b30e099f9bac31b9a; path=/[\r][\n]"
2019-09-23 12:55:23 DEBUG  << "Upgrade: h2,h2c[\r][\n]"
2019-09-23 12:55:23 DEBUG  << "Referrer-Policy: [\r][\n]"
2019-09-23 12:55:23 DEBUG  << "Keep-Alive: timeout=5, max=75[\r][\n]"
2019-09-23 12:55:23 DEBUG  << "Content-Type: text/html; charset=UTF-8[\r][\n]"
2019-09-23 12:55:23 DEBUG  << "Accept-Ranges: none[\r][\n]"
2019-09-23 12:55:23 DEBUG  << "Content-Length: 51[\r][\n]"
2019-09-23 12:55:23 DEBUG  << "Via: HTTP/1.1 forward.http.proxy:3128[\r][\n]"
2019-09-23 12:55:23 DEBUG  << "Connection: keep-alive[\r][\n]"
2019-09-23 12:55:23 DEBUG  << "[\r][\n]"
2019-09-23 12:55:23 DEBUG Receiving response: HTTP/1.1 200 OK
2019-09-23 12:55:23 DEBUG << HTTP/1.1 200 OK
2019-09-23 12:55:23 DEBUG << Date: Mon, 23 Sep 2019 07:25:23 GMT
2019-09-23 12:55:23 DEBUG << Server: Apache
2019-09-23 12:55:23 DEBUG << Expires: Thu, 19 Nov 1981 08:52:00 GMT
2019-09-23 12:55:23 DEBUG << Cache-Control: no-store, no-cache, must-revalidate
2019-09-23 12:55:23 DEBUG << Pragma: no-cache
2019-09-23 12:55:23 DEBUG << Access-Control-Allow-Origin: *
2019-09-23 12:55:23 DEBUG << Access-Control-Expose-Headers: Content-Type, X-Requested-With, X-authentication, X-client
2019-09-23 12:55:23 DEBUG << Set-Cookie: PHPSESSID=6ae24d89dbb2d96b30e099f9bac31b9a; path=/
2019-09-23 12:55:23 DEBUG << Upgrade: h2,h2c
2019-09-23 12:55:23 DEBUG << Referrer-Policy: 
2019-09-23 12:55:23 DEBUG << Keep-Alive: timeout=5, max=75
2019-09-23 12:55:23 DEBUG << Content-Type: text/html; charset=UTF-8
2019-09-23 12:55:23 DEBUG << Accept-Ranges: none
2019-09-23 12:55:23 DEBUG << Content-Length: 51
2019-09-23 12:55:23 DEBUG << Via: HTTP/1.1 forward.http.proxy:3128
2019-09-23 12:55:23 DEBUG << Connection: keep-alive
2019-09-23 12:55:23 DEBUG Connection can be kept alive for 5000 MILLISECONDS
2019-09-23 12:55:23 DEBUG Parsing response as: text/html; charset=UTF-8
2019-09-23 12:55:23 DEBUG Parsed data to instance of: class org.apache.http.conn.EofSensorInputStream
2019-09-23 12:55:23 DEBUG  << "{"name":"Full round3","salary":"250001","age":"25"}"
2019-09-23 12:55:23 DEBUG Releasing connection org.apache.http.impl.conn.ManagedClientConnectionImpl@5ddea849
2019-09-23 12:55:23 DEBUG Connection can be kept alive for 5000 MILLISECONDS
2019-09-23 12:55:23 DEBUG Get connection for route {}->http://dummy.restapiexample.com:80
2019-09-23 12:55:23 DEBUG Connecting to dummy.restapiexample.com:80
2019-09-23 12:55:23 DEBUG CookieSpec selected: ignoreCookies
2019-09-23 12:55:23 DEBUG Auth cache not set in the context
2019-09-23 12:55:23 DEBUG Target auth state: UNCHALLENGED
2019-09-23 12:55:23 DEBUG Proxy auth state: UNCHALLENGED
2019-09-23 12:55:23 DEBUG Attempt 1 to execute request
2019-09-23 12:55:23 DEBUG Sending request: GET /api/v1/employee/60426 HTTP/1.1
2019-09-23 12:55:23 DEBUG  >> "GET /api/v1/employee/60426 HTTP/1.1[\r][\n]"
2019-09-23 12:55:23 DEBUG  >> "Accept: */*[\r][\n]"
2019-09-23 12:55:23 DEBUG  >> "Host: dummy.restapiexample.com[\r][\n]"
2019-09-23 12:55:23 DEBUG  >> "Connection: Keep-Alive[\r][\n]"
2019-09-23 12:55:23 DEBUG  >> "User-Agent: Apache-HttpClient/4.5.3 (Java/1.8.0_191)[\r][\n]"
2019-09-23 12:55:23 DEBUG  >> "Accept-Encoding: gzip,deflate[\r][\n]"
2019-09-23 12:55:23 DEBUG  >> "[\r][\n]"
2019-09-23 12:55:23 DEBUG >> GET /api/v1/employee/60426 HTTP/1.1
2019-09-23 12:55:23 DEBUG >> Accept: */*
2019-09-23 12:55:23 DEBUG >> Host: dummy.restapiexample.com
2019-09-23 12:55:23 DEBUG >> Connection: Keep-Alive
2019-09-23 12:55:23 DEBUG >> User-Agent: Apache-HttpClient/4.5.3 (Java/1.8.0_191)
2019-09-23 12:55:23 DEBUG >> Accept-Encoding: gzip,deflate
2019-09-23 12:55:24 DEBUG  << "HTTP/1.1 200 OK[\r][\n]"
2019-09-23 12:55:24 DEBUG  << "Date: Mon, 23 Sep 2019 07:25:24 GMT[\r][\n]"
2019-09-23 12:55:24 DEBUG  << "Server: Apache[\r][\n]"
2019-09-23 12:55:24 DEBUG  << "Expires: Thu, 19 Nov 1981 08:52:00 GMT[\r][\n]"
2019-09-23 12:55:24 DEBUG  << "Cache-Control: no-store, no-cache, must-revalidate[\r][\n]"
2019-09-23 12:55:24 DEBUG  << "Pragma: no-cache[\r][\n]"
2019-09-23 12:55:24 DEBUG  << "Access-Control-Allow-Origin: *[\r][\n]"
2019-09-23 12:55:24 DEBUG  << "Access-Control-Expose-Headers: Content-Type, X-Requested-With, X-authentication, X-client[\r][\n]"
2019-09-23 12:55:24 DEBUG  << "Set-Cookie: PHPSESSID=540a76a87ce9133ef4fbcbe1c68fac47; path=/[\r][\n]"
2019-09-23 12:55:24 DEBUG  << "Upgrade: h2,h2c[\r][\n]"
2019-09-23 12:55:24 DEBUG  << "Vary: Accept-Encoding[\r][\n]"
2019-09-23 12:55:24 DEBUG  << "Content-Encoding: gzip[\r][\n]"
2019-09-23 12:55:24 DEBUG  << "Referrer-Policy: [\r][\n]"
2019-09-23 12:55:24 DEBUG  << "Keep-Alive: timeout=5, max=75[\r][\n]"
2019-09-23 12:55:24 DEBUG  << "Content-Type: text/html; charset=UTF-8[\r][\n]"
2019-09-23 12:55:24 DEBUG  << "Accept-Ranges: none[\r][\n]"
2019-09-23 12:55:24 DEBUG  << "Content-Length: 99[\r][\n]"
2019-09-23 12:55:24 DEBUG  << "Via: HTTP/1.1 forward.http.proxy:3128[\r][\n]"
2019-09-23 12:55:24 DEBUG  << "Connection: keep-alive[\r][\n]"
2019-09-23 12:55:24 DEBUG  << "[\r][\n]"
2019-09-23 12:55:24 DEBUG Receiving response: HTTP/1.1 200 OK
2019-09-23 12:55:24 DEBUG << HTTP/1.1 200 OK
2019-09-23 12:55:24 DEBUG << Date: Mon, 23 Sep 2019 07:25:24 GMT
2019-09-23 12:55:24 DEBUG << Server: Apache
2019-09-23 12:55:24 DEBUG << Expires: Thu, 19 Nov 1981 08:52:00 GMT
2019-09-23 12:55:24 DEBUG << Cache-Control: no-store, no-cache, must-revalidate
2019-09-23 12:55:24 DEBUG << Pragma: no-cache
2019-09-23 12:55:24 DEBUG << Access-Control-Allow-Origin: *
2019-09-23 12:55:24 DEBUG << Access-Control-Expose-Headers: Content-Type, X-Requested-With, X-authentication, X-client
2019-09-23 12:55:24 DEBUG << Set-Cookie: PHPSESSID=540a76a87ce9133ef4fbcbe1c68fac47; path=/
2019-09-23 12:55:24 DEBUG << Upgrade: h2,h2c
2019-09-23 12:55:24 DEBUG << Vary: Accept-Encoding
2019-09-23 12:55:24 DEBUG << Content-Encoding: gzip
2019-09-23 12:55:24 DEBUG << Referrer-Policy: 
2019-09-23 12:55:24 DEBUG << Keep-Alive: timeout=5, max=75
2019-09-23 12:55:24 DEBUG << Content-Type: text/html; charset=UTF-8
2019-09-23 12:55:24 DEBUG << Accept-Ranges: none
2019-09-23 12:55:24 DEBUG << Content-Length: 99
2019-09-23 12:55:24 DEBUG << Via: HTTP/1.1 forward.http.proxy:3128
2019-09-23 12:55:24 DEBUG << Connection: keep-alive
2019-09-23 12:55:24 DEBUG Connection can be kept alive for 5000 MILLISECONDS
2019-09-23 12:55:24 DEBUG Parsing response as: text/html; charset=UTF-8
2019-09-23 12:55:24 DEBUG  << "[0x1f][0x8b][0x8][0x0][0x0][0x0][0x0][0x0][0x0][0x3][0xab]V[0xca]LQ[0xb2]R23012S[0xd2]QJ[0xcd]-[0xc8][0xc9][0xaf]LM[0x8d][0xcf]K[0xcc]M[0x5][0x8a][0xbb][0x95][0xe6][0xe4]([0x14][0xe5][0x97][0xe6][0xa5][0x18]#[0xcb][0x16]'[0xe6]$[0x16]U[0x2][0xe5][0x8d]L[\r][0xc][0xc][0xc][0x91][0xa5][0x12][0xd3]S[0xc1][0xe2]@[0xb1][0x82][0xa2][0xfc][0xb4][0xcc][0x9c][0xd4][0xf8][0xcc]\[0x88][0xa0]R-[0x0]XNt@n[0x0][0x0][0x0]"
2019-09-23 12:55:24 DEBUG Parsed data to instance of: class org.apache.http.conn.EofSensorInputStream
2019-09-23 12:55:24 DEBUG Releasing connection org.apache.http.impl.conn.ManagedClientConnectionImpl@349c1daf
2019-09-23 12:55:24 DEBUG Connection can be kept alive for 5000 MILLISECONDS
2019-09-23 13:05:40 DEBUG Get connection for route {}->http://dummy.restapiexample.com:80
2019-09-23 13:05:40 DEBUG Connecting to dummy.restapiexample.com:80
2019-09-23 13:05:40 DEBUG CookieSpec selected: ignoreCookies
2019-09-23 13:05:40 DEBUG Auth cache not set in the context
2019-09-23 13:05:40 DEBUG Target auth state: UNCHALLENGED
2019-09-23 13:05:40 DEBUG Proxy auth state: UNCHALLENGED
2019-09-23 13:05:40 DEBUG Attempt 1 to execute request
2019-09-23 13:05:40 DEBUG Sending request: DELETE /api/v1/delete/60426 HTTP/1.1
2019-09-23 13:05:40 DEBUG  >> "DELETE /api/v1/delete/60426 HTTP/1.1[\r][\n]"
2019-09-23 13:05:40 DEBUG  >> "Accept: */*[\r][\n]"
2019-09-23 13:05:40 DEBUG  >> "Host: dummy.restapiexample.com[\r][\n]"
2019-09-23 13:05:40 DEBUG  >> "Connection: Keep-Alive[\r][\n]"
2019-09-23 13:05:40 DEBUG  >> "User-Agent: Apache-HttpClient/4.5.3 (Java/1.8.0_191)[\r][\n]"
2019-09-23 13:05:40 DEBUG  >> "Accept-Encoding: gzip,deflate[\r][\n]"
2019-09-23 13:05:40 DEBUG  >> "[\r][\n]"
2019-09-23 13:05:40 DEBUG >> DELETE /api/v1/delete/60426 HTTP/1.1
2019-09-23 13:05:40 DEBUG >> Accept: */*
2019-09-23 13:05:40 DEBUG >> Host: dummy.restapiexample.com
2019-09-23 13:05:40 DEBUG >> Connection: Keep-Alive
2019-09-23 13:05:40 DEBUG >> User-Agent: Apache-HttpClient/4.5.3 (Java/1.8.0_191)
2019-09-23 13:05:40 DEBUG >> Accept-Encoding: gzip,deflate
2019-09-23 13:05:40 DEBUG  << "HTTP/1.1 200 OK[\r][\n]"
2019-09-23 13:05:40 DEBUG  << "Date: Mon, 23 Sep 2019 07:35:40 GMT[\r][\n]"
2019-09-23 13:05:40 DEBUG  << "Server: Apache[\r][\n]"
2019-09-23 13:05:40 DEBUG  << "Expires: Thu, 19 Nov 1981 08:52:00 GMT[\r][\n]"
2019-09-23 13:05:40 DEBUG  << "Cache-Control: no-store, no-cache, must-revalidate[\r][\n]"
2019-09-23 13:05:40 DEBUG  << "Pragma: no-cache[\r][\n]"
2019-09-23 13:05:40 DEBUG  << "Access-Control-Allow-Origin: *[\r][\n]"
2019-09-23 13:05:40 DEBUG  << "Access-Control-Expose-Headers: Content-Type, X-Requested-With, X-authentication, X-client[\r][\n]"
2019-09-23 13:05:40 DEBUG  << "Set-Cookie: PHPSESSID=62a73de885ed10b5c7d3f56044fa400e; path=/[\r][\n]"
2019-09-23 13:05:40 DEBUG  << "Upgrade: h2,h2c[\r][\n]"
2019-09-23 13:05:40 DEBUG  << "Referrer-Policy: [\r][\n]"
2019-09-23 13:05:40 DEBUG  << "Keep-Alive: timeout=5, max=75[\r][\n]"
2019-09-23 13:05:40 DEBUG  << "Content-Type: text/html; charset=UTF-8[\r][\n]"
2019-09-23 13:05:40 DEBUG  << "Accept-Ranges: none[\r][\n]"
2019-09-23 13:05:40 DEBUG  << "Content-Length: 52[\r][\n]"
2019-09-23 13:05:40 DEBUG  << "Via: HTTP/1.1 forward.http.proxy:3128[\r][\n]"
2019-09-23 13:05:40 DEBUG  << "Connection: keep-alive[\r][\n]"
2019-09-23 13:05:40 DEBUG  << "[\r][\n]"
2019-09-23 13:05:40 DEBUG Receiving response: HTTP/1.1 200 OK
2019-09-23 13:05:40 DEBUG << HTTP/1.1 200 OK
2019-09-23 13:05:40 DEBUG << Date: Mon, 23 Sep 2019 07:35:40 GMT
2019-09-23 13:05:40 DEBUG << Server: Apache
2019-09-23 13:05:40 DEBUG << Expires: Thu, 19 Nov 1981 08:52:00 GMT
2019-09-23 13:05:40 DEBUG << Cache-Control: no-store, no-cache, must-revalidate
2019-09-23 13:05:40 DEBUG << Pragma: no-cache
2019-09-23 13:05:40 DEBUG << Access-Control-Allow-Origin: *
2019-09-23 13:05:40 DEBUG << Access-Control-Expose-Headers: Content-Type, X-Requested-With, X-authentication, X-client
2019-09-23 13:05:40 DEBUG << Set-Cookie: PHPSESSID=62a73de885ed10b5c7d3f56044fa400e; path=/
2019-09-23 13:05:40 DEBUG << Upgrade: h2,h2c
2019-09-23 13:05:40 DEBUG << Referrer-Policy: 
2019-09-23 13:05:40 DEBUG << Keep-Alive: timeout=5, max=75
2019-09-23 13:05:40 DEBUG << Content-Type: text/html; charset=UTF-8
2019-09-23 13:05:40 DEBUG << Accept-Ranges: none
2019-09-23 13:05:40 DEBUG << Content-Length: 52
2019-09-23 13:05:40 DEBUG << Via: HTTP/1.1 forward.http.proxy:3128
2019-09-23 13:05:40 DEBUG << Connection: keep-alive
2019-09-23 13:05:40 DEBUG Connection can be kept alive for 5000 MILLISECONDS
2019-09-23 13:05:40 DEBUG Parsing response as: text/html; charset=UTF-8
2019-09-23 13:05:40 DEBUG Parsed data to instance of: class org.apache.http.conn.EofSensorInputStream
2019-09-23 13:05:40 DEBUG  << "{"success":{"text":"successfully! deleted Records"}}"
2019-09-23 13:05:40 DEBUG Releasing connection org.apache.http.impl.conn.ManagedClientConnectionImpl@59e32960
2019-09-23 13:05:40 DEBUG Connection can be kept alive for 5000 MILLISECONDS
2019-09-23 13:05:41 DEBUG Get connection for route {}->http://dummy.restapiexample.com:80
2019-09-23 13:05:41 DEBUG Connecting to dummy.restapiexample.com:80
2019-09-23 13:05:41 DEBUG CookieSpec selected: ignoreCookies
2019-09-23 13:05:41 DEBUG Auth cache not set in the context
2019-09-23 13:05:41 DEBUG Target auth state: UNCHALLENGED
2019-09-23 13:05:41 DEBUG Proxy auth state: UNCHALLENGED
2019-09-23 13:05:41 DEBUG Attempt 1 to execute request
2019-09-23 13:05:41 DEBUG Sending request: GET /api/v1/employee/60426 HTTP/1.1
2019-09-23 13:05:41 DEBUG  >> "GET /api/v1/employee/60426 HTTP/1.1[\r][\n]"
2019-09-23 13:05:41 DEBUG  >> "Accept: */*[\r][\n]"
2019-09-23 13:05:41 DEBUG  >> "Host: dummy.restapiexample.com[\r][\n]"
2019-09-23 13:05:41 DEBUG  >> "Connection: Keep-Alive[\r][\n]"
2019-09-23 13:05:41 DEBUG  >> "User-Agent: Apache-HttpClient/4.5.3 (Java/1.8.0_191)[\r][\n]"
2019-09-23 13:05:41 DEBUG  >> "Accept-Encoding: gzip,deflate[\r][\n]"
2019-09-23 13:05:41 DEBUG  >> "[\r][\n]"
2019-09-23 13:05:41 DEBUG >> GET /api/v1/employee/60426 HTTP/1.1
2019-09-23 13:05:41 DEBUG >> Accept: */*
2019-09-23 13:05:41 DEBUG >> Host: dummy.restapiexample.com
2019-09-23 13:05:41 DEBUG >> Connection: Keep-Alive
2019-09-23 13:05:41 DEBUG >> User-Agent: Apache-HttpClient/4.5.3 (Java/1.8.0_191)
2019-09-23 13:05:41 DEBUG >> Accept-Encoding: gzip,deflate
2019-09-23 13:05:41 DEBUG  << "HTTP/1.1 200 OK[\r][\n]"
2019-09-23 13:05:41 DEBUG  << "Date: Mon, 23 Sep 2019 07:35:41 GMT[\r][\n]"
2019-09-23 13:05:41 DEBUG  << "Server: Apache[\r][\n]"
2019-09-23 13:05:41 DEBUG  << "Expires: Thu, 19 Nov 1981 08:52:00 GMT[\r][\n]"
2019-09-23 13:05:41 DEBUG  << "Cache-Control: no-store, no-cache, must-revalidate[\r][\n]"
2019-09-23 13:05:41 DEBUG  << "Pragma: no-cache[\r][\n]"
2019-09-23 13:05:41 DEBUG  << "Access-Control-Allow-Origin: *[\r][\n]"
2019-09-23 13:05:41 DEBUG  << "Access-Control-Expose-Headers: Content-Type, X-Requested-With, X-authentication, X-client[\r][\n]"
2019-09-23 13:05:41 DEBUG  << "Set-Cookie: PHPSESSID=f07519837c5118d654c055d4acf4a06b; path=/[\r][\n]"
2019-09-23 13:05:41 DEBUG  << "Upgrade: h2,h2c[\r][\n]"
2019-09-23 13:05:41 DEBUG  << "Referrer-Policy: [\r][\n]"
2019-09-23 13:05:41 DEBUG  << "Keep-Alive: timeout=5, max=75[\r][\n]"
2019-09-23 13:05:41 DEBUG  << "Content-Type: text/html; charset=UTF-8[\r][\n]"
2019-09-23 13:05:41 DEBUG  << "Accept-Ranges: none[\r][\n]"
2019-09-23 13:05:41 DEBUG  << "Content-Length: 5[\r][\n]"
2019-09-23 13:05:41 DEBUG  << "Via: HTTP/1.1 forward.http.proxy:3128[\r][\n]"
2019-09-23 13:05:41 DEBUG  << "Connection: keep-alive[\r][\n]"
2019-09-23 13:05:41 DEBUG  << "[\r][\n]"
2019-09-23 13:05:41 DEBUG Receiving response: HTTP/1.1 200 OK
2019-09-23 13:05:41 DEBUG << HTTP/1.1 200 OK
2019-09-23 13:05:41 DEBUG << Date: Mon, 23 Sep 2019 07:35:41 GMT
2019-09-23 13:05:41 DEBUG << Server: Apache
2019-09-23 13:05:41 DEBUG << Expires: Thu, 19 Nov 1981 08:52:00 GMT
2019-09-23 13:05:41 DEBUG << Cache-Control: no-store, no-cache, must-revalidate
2019-09-23 13:05:41 DEBUG << Pragma: no-cache
2019-09-23 13:05:41 DEBUG << Access-Control-Allow-Origin: *
2019-09-23 13:05:41 DEBUG << Access-Control-Expose-Headers: Content-Type, X-Requested-With, X-authentication, X-client
2019-09-23 13:05:41 DEBUG << Set-Cookie: PHPSESSID=f07519837c5118d654c055d4acf4a06b; path=/
2019-09-23 13:05:41 DEBUG << Upgrade: h2,h2c
2019-09-23 13:05:41 DEBUG << Referrer-Policy: 
2019-09-23 13:05:41 DEBUG << Keep-Alive: timeout=5, max=75
2019-09-23 13:05:41 DEBUG << Content-Type: text/html; charset=UTF-8
2019-09-23 13:05:41 DEBUG << Accept-Ranges: none
2019-09-23 13:05:41 DEBUG << Content-Length: 5
2019-09-23 13:05:41 DEBUG << Via: HTTP/1.1 forward.http.proxy:3128
2019-09-23 13:05:41 DEBUG << Connection: keep-alive
2019-09-23 13:05:41 DEBUG Connection can be kept alive for 5000 MILLISECONDS
2019-09-23 13:05:41 DEBUG Parsing response as: text/html; charset=UTF-8
2019-09-23 13:05:41 DEBUG Parsed data to instance of: class org.apache.http.conn.EofSensorInputStream
2019-09-23 13:05:41 DEBUG  << "false"
2019-09-23 13:05:41 DEBUG Releasing connection org.apache.http.impl.conn.ManagedClientConnectionImpl@1bd39d3c
2019-09-23 13:05:41 DEBUG Connection can be kept alive for 5000 MILLISECONDS
